This is pdfTeX, Version 3.14159265-2.6-1.40.17 (MiKTeX 2.9) (preloaded format=pdflatex 2016.8.3)  21 NOV 2016 20:20
entering extended mode
**./OTPandAES.tex
(OTPandAES.tex
LaTeX2e <2016/03/31> patch level 1
Babel <3.9r> and hyphenation patterns for 75 language(s) loaded.
(E:\miketex\tex\latex\base\report.cls
Document Class: report 2014/09/29 v1.4h Standard LaTeX document class
(E:\miketex\tex\latex\base\size12.clo
File: size12.clo 2014/09/29 v1.4h Standard LaTeX file (size option)
)
\c@part=\count79
\c@chapter=\count80
\c@section=\count81
\c@subsection=\count82
\c@subsubsection=\count83
\c@paragraph=\count84
\c@subparagraph=\count85
\c@figure=\count86
\c@table=\count87
\abovecaptionskip=\skip41
\belowcaptionskip=\skip42
\bibindent=\dimen102
)
(E:\miketex\tex\latex\graphics\graphicx.sty
Package: graphicx 2014/10/28 v1.0g Enhanced LaTeX Graphics (DPC,SPQR)

(E:\miketex\tex\latex\graphics\keyval.sty
Package: keyval 2014/10/28 v1.15 key=value parser (DPC)
\KV@toks@=\toks14
)
(E:\miketex\tex\latex\graphics\graphics.sty
Package: graphics 2016/06/02 v1.0s Standard LaTeX Graphics (DPC,SPQR)

(E:\miketex\tex\latex\graphics\trig.sty
Package: trig 2016/01/03 v1.10 sin cos tan (DPC)
)
(E:\miketex\tex\latex\00miktex\graphics.cfg
File: graphics.cfg 2016/06/04 v1.11 sample graphics configuration
)
Package graphics Info: Driver file: pdftex.def on input line 99.

(E:\miketex\tex\latex\pdftex-def\pdftex.def
File: pdftex.def 2016/06/17 v0.06h Graphics/color for pdfTeX

(E:\miketex\tex\generic\oberdiek\infwarerr.sty
Package: infwarerr 2016/05/16 v1.4 Providing info/warning/error messages (HO)
)
(E:\miketex\tex\generic\oberdiek\ltxcmds.sty
Package: ltxcmds 2016/05/16 v1.23 LaTeX kernel commands for general use (HO)
)
\Gread@gobject=\count88
))
\Gin@req@height=\dimen103
\Gin@req@width=\dimen104
)
(E:\miketex\tex\latex\float\float.sty
Package: float 2001/11/08 v1.3d Float enhancements (AL)
\c@float@type=\count89
\float@exts=\toks15
\float@box=\box26
\@float@everytoks=\toks16
\@floatcapt=\box27
)
(E:\miketex\tex\latex\biblatex\biblatex.sty
Package: biblatex 2016/05/14 v3.4 programmable bibliographies (PK/JW/AB)

(E:\miketex\tex\latex\iftex\iftex.sty
Package: iftex 2013/04/04 v0.2 Provides if(tex) conditional for PDFTeX, XeTeX, 
and LuaTeX
)
(E:\miketex\tex\generic\oberdiek\pdftexcmds.sty
Package: pdftexcmds 2016/05/21 v0.22 Utility functions of pdfTeX for LuaTeX (HO
)

(E:\miketex\tex\generic\oberdiek\ifluatex.sty
Package: ifluatex 2016/05/16 v1.4 Provides the ifluatex switch (HO)
Package ifluatex Info: LuaTeX not detected.
)
(E:\miketex\tex\generic\oberdiek\ifpdf.sty
Package: ifpdf 2016/05/14 v3.1 Provides the ifpdf switch
)
Package pdftexcmds Info: LuaTeX not detected.
Package pdftexcmds Info: \pdf@primitive is available.
Package pdftexcmds Info: \pdf@ifprimitive is available.
Package pdftexcmds Info: \pdfdraftmode found.
)
(E:\miketex\tex\latex\etoolbox\etoolbox.sty
Package: etoolbox 2015/08/02 v2.2a e-TeX tools for LaTeX (JAW)
\etb@tempcnta=\count90
)
(E:\miketex\tex\latex\oberdiek\kvoptions.sty
Package: kvoptions 2016/05/16 v3.12 Key value format for package options (HO)

(E:\miketex\tex\generic\oberdiek\kvsetkeys.sty
Package: kvsetkeys 2016/05/16 v1.17 Key value parser (HO)

(E:\miketex\tex\generic\oberdiek\etexcmds.sty
Package: etexcmds 2016/05/16 v1.6 Avoid name clashes with e-TeX commands (HO)
Package etexcmds Info: Could not find \expanded.
(etexcmds)             That can mean that you are not using pdfTeX 1.50 or
(etexcmds)             that some package has redefined \expanded.
(etexcmds)             In the latter case, load this package earlier.
)))
(E:\miketex\tex\latex\logreq\logreq.sty
Package: logreq 2010/08/04 v1.0 xml request logger
\lrq@indent=\count91
 (E:\miketex\tex\latex\logreq\logreq.def
File: logreq.def 2010/08/04 v1.0 logreq spec v1.0
)) (E:\miketex\tex\latex\base\ifthen.sty
Package: ifthen 2014/09/29 v1.1c Standard LaTeX ifthen package (DPC)
) (E:\miketex\tex\latex\url\url.sty
\Urlmuskip=\muskip10
Package: url 2013/09/16  ver 3.4  Verb mode for urls, etc.
)
(E:\miketex\tex\latex\xstring\xstring.sty
(E:\miketex\tex\generic\xstring\xstring.tex
\@xs@message=\write3
\integerpart=\count92
\decimalpart=\count93
)
Package: xstring 2013/10/13  v1.7c  String manipulations (C Tellechea)
)
\c@tabx@nest=\count94
\c@listtotal=\count95
\c@listcount=\count96
\c@liststart=\count97
\c@liststop=\count98
\c@citecount=\count99
\c@citetotal=\count100
\c@multicitecount=\count101
\c@multicitetotal=\count102
\c@instcount=\count103
\c@maxnames=\count104
\c@minnames=\count105
\c@maxitems=\count106
\c@minitems=\count107
\c@citecounter=\count108
\c@savedcitecounter=\count109
\c@uniquelist=\count110
\c@uniquename=\count111
\c@refsection=\count112
\c@refsegment=\count113
\c@maxextratitle=\count114
\c@maxextratitleyear=\count115
\c@maxextrayear=\count116
\c@maxextraalpha=\count117
\c@abbrvpenalty=\count118
\c@highnamepenalty=\count119
\c@lownamepenalty=\count120
\c@maxparens=\count121
\c@parenlevel=\count122
\blx@tempcnta=\count123
\blx@tempcntb=\count124
\blx@tempcntc=\count125
\blx@maxsection=\count126
\blx@maxsegment@0=\count127
\blx@notetype=\count128
\blx@parenlevel@text=\count129
\blx@parenlevel@foot=\count130
\blx@sectionciteorder@0=\count131
\labelnumberwidth=\skip43
\labelalphawidth=\skip44
\biblabelsep=\skip45
\bibitemsep=\skip46
\bibnamesep=\skip47
\bibinitsep=\skip48
\bibparsep=\skip49
\bibhang=\skip50
\blx@bcfin=\read1
\blx@bcfout=\write4
\c@mincomprange=\count132
\c@maxcomprange=\count133
\c@mincompwidth=\count134
Package biblatex Info: Trying to load biblatex default data model...
Package biblatex Info: ... file 'blx-dm.def' found.

(E:\miketex\tex\latex\biblatex\blx-dm.def)
Package biblatex Info: Trying to load biblatex style data model...
Package biblatex Info: ... file 'numeric.dbx' not found.
Package biblatex Info: Trying to load biblatex custom data model...
Package biblatex Info: ... file 'biblatex-dm.cfg' not found.
\c@afterword=\count135
\c@savedafterword=\count136
\c@annotator=\count137
\c@savedannotator=\count138
\c@author=\count139
\c@savedauthor=\count140
\c@bookauthor=\count141
\c@savedbookauthor=\count142
\c@commentator=\count143
\c@savedcommentator=\count144
\c@editor=\count145
\c@savededitor=\count146
\c@editora=\count147
\c@savededitora=\count148
\c@editorb=\count149
\c@savededitorb=\count150
\c@editorc=\count151
\c@savededitorc=\count152
\c@foreword=\count153
\c@savedforeword=\count154
\c@holder=\count155
\c@savedholder=\count156
\c@introduction=\count157
\c@savedintroduction=\count158
\c@namea=\count159
\c@savednamea=\count160
\c@nameb=\count161
\c@savednameb=\count162
\c@namec=\count163
\c@savednamec=\count164
\c@translator=\count165
\c@savedtranslator=\count166
\c@shortauthor=\count167
\c@savedshortauthor=\count168
\c@shorteditor=\count169
\c@savedshorteditor=\count170
\c@labelname=\count171
\c@savedlabelname=\count172
\c@institution=\count173
\c@savedinstitution=\count174
\c@lista=\count175
\c@savedlista=\count176
\c@listb=\count177
\c@savedlistb=\count178
\c@listc=\count179
\c@savedlistc=\count180
\c@listd=\count181
\c@savedlistd=\count182
\c@liste=\count183
\c@savedliste=\count184
\c@listf=\count185
\c@savedlistf=\count186
\c@location=\count187
\c@savedlocation=\count188
\c@organization=\count189
\c@savedorganization=\count190
\c@origlocation=\count191
\c@savedoriglocation=\count192
\c@origpublisher=\count193
\c@savedorigpublisher=\count194
\c@publisher=\count195
\c@savedpublisher=\count196
\c@language=\count197
\c@savedlanguage=\count198
\c@pageref=\count199
\c@savedpageref=\count266
\shorthandwidth=\skip51
\shortjournalwidth=\skip52
\shortserieswidth=\skip53
\shorttitlewidth=\skip54
\shortauthorwidth=\skip55
\shorteditorwidth=\skip56
Package biblatex Info: Trying to load compatibility code...
Package biblatex Info: ... file 'blx-compat.def' found.

(E:\miketex\tex\latex\biblatex\blx-compat.def
File: blx-compat.def 2016/05/14 v3.4 biblatex compatibility (PK/JW/AB)
)
Package biblatex Info: Trying to load generic definitions...
Package biblatex Info: ... file 'biblatex.def' found.

(E:\miketex\tex\latex\biblatex\biblatex.def
File: biblatex.def 2016/05/14 v3.4 biblatex compatibility (PK/JW/AB)
\c@textcitecount=\count267
\c@textcitetotal=\count268
\c@textcitemaxnames=\count269
\c@biburlnumpenalty=\count270
\c@biburlucpenalty=\count271
\c@biburllcpenalty=\count272
\c@smartand=\count273
)
Package biblatex Info: Trying to load bibliography style 'numeric'...
Package biblatex Info: ... file 'numeric.bbx' found.

(E:\miketex\tex\latex\biblatex\bbx\numeric.bbx
File: numeric.bbx 2016/05/14 v3.4 biblatex bibliography style (PK/JW/AB)
Package biblatex Info: Trying to load bibliography style 'standard'...
Package biblatex Info: ... file 'standard.bbx' found.

(E:\miketex\tex\latex\biblatex\bbx\standard.bbx
File: standard.bbx 2016/05/14 v3.4 biblatex bibliography style (PK/JW/AB)
\c@bbx:relatedcount=\count274
\c@bbx:relatedtotal=\count275
))
Package biblatex Info: Trying to load citation style 'numeric'...
Package biblatex Info: ... file 'numeric.cbx' found.

(E:\miketex\tex\latex\biblatex\cbx\numeric.cbx
File: numeric.cbx 2016/05/14 v3.4 biblatex citation style (PK/JW/AB)
Package biblatex Info: Redefining '\cite'.
Package biblatex Info: Redefining '\parencite'.
Package biblatex Info: Redefining '\footcite'.
Package biblatex Info: Redefining '\footcitetext'.
Package biblatex Info: Redefining '\smartcite'.
Package biblatex Info: Redefining '\supercite'.
Package biblatex Info: Redefining '\textcite'.
Package biblatex Info: Redefining '\textcites'.
Package biblatex Info: Redefining '\cites'.
Package biblatex Info: Redefining '\parencites'.
Package biblatex Info: Redefining '\smartcites'.
)
Package biblatex Info: Trying to load configuration file...
Package biblatex Info: ... file 'biblatex.cfg' found.

(E:\miketex\tex\latex\biblatex\biblatex.cfg
File: biblatex.cfg 
))
(E:\miketex\tex\latex\mathtools\mathtools.sty
Package: mathtools 2015/11/12 v1.18 mathematical typesetting tools

(E:\miketex\tex\latex\tools\calc.sty
Package: calc 2014/10/28 v4.3 Infix arithmetic (KKT,FJ)
\calc@Acount=\count276
\calc@Bcount=\count277
\calc@Adimen=\dimen105
\calc@Bdimen=\dimen106
\calc@Askip=\skip57
\calc@Bskip=\skip58
LaTeX Info: Redefining \setlength on input line 80.
LaTeX Info: Redefining \addtolength on input line 81.
\calc@Ccount=\count278
\calc@Cskip=\skip59
)
(E:\miketex\tex\latex\mathtools\mhsetup.sty
Package: mhsetup 2010/01/21 v1.2a programming setup (MH)
)
(E:\miketex\tex\latex\amsmath\amsmath.sty
Package: amsmath 2016/03/10 v2.15b AMS math features
\@mathmargin=\skip60

For additional information on amsmath, use the `?' option.
(E:\miketex\tex\latex\amsmath\amstext.sty
Package: amstext 2000/06/29 v2.01 AMS text

(E:\miketex\tex\latex\amsmath\amsgen.sty
File: amsgen.sty 1999/11/30 v2.0 generic functions
\@emptytoks=\toks17
\ex@=\dimen107
))
(E:\miketex\tex\latex\amsmath\amsbsy.sty
Package: amsbsy 1999/11/29 v1.2d Bold Symbols
\pmbraise@=\dimen108
)
(E:\miketex\tex\latex\amsmath\amsopn.sty
Package: amsopn 2016/03/08 v2.02 operator names
)
\inf@bad=\count279
LaTeX Info: Redefining \frac on input line 199.
\uproot@=\count280
\leftroot@=\count281
LaTeX Info: Redefining \overline on input line 297.
\classnum@=\count282
\DOTSCASE@=\count283
LaTeX Info: Redefining \ldots on input line 394.
LaTeX Info: Redefining \dots on input line 397.
LaTeX Info: Redefining \cdots on input line 518.
\Mathstrutbox@=\box28
\strutbox@=\box29
\big@size=\dimen109
LaTeX Font Info:    Redeclaring font encoding OML on input line 634.
LaTeX Font Info:    Redeclaring font encoding OMS on input line 635.
\macc@depth=\count284
\c@MaxMatrixCols=\count285
\dotsspace@=\muskip11
\c@parentequation=\count286
\dspbrk@lvl=\count287
\tag@help=\toks18
\row@=\count288
\column@=\count289
\maxfields@=\count290
\andhelp@=\toks19
\eqnshift@=\dimen110
\alignsep@=\dimen111
\tagshift@=\dimen112
\tagwidth@=\dimen113
\totwidth@=\dimen114
\lineht@=\dimen115
\@envbody=\toks20
\multlinegap=\skip61
\multlinetaggap=\skip62
\mathdisplay@stack=\toks21
LaTeX Info: Redefining \[ on input line 2739.
LaTeX Info: Redefining \] on input line 2740.
)
LaTeX Info: Thecontrolsequence`\('isalreadyrobust on input line 129.
LaTeX Info: Thecontrolsequence`\)'isalreadyrobust on input line 129.
LaTeX Info: Thecontrolsequence`\['isalreadyrobust on input line 129.
LaTeX Info: Thecontrolsequence`\]'isalreadyrobust on input line 129.
\g_MT_multlinerow_int=\count291
\l_MT_multwidth_dim=\dimen116
\origjot=\skip63
\l_MT_shortvdotswithinadjustabove_dim=\dimen117
\l_MT_shortvdotswithinadjustbelow_dim=\dimen118
\l_MT_above_intertext_sep=\dimen119
\l_MT_below_intertext_sep=\dimen120
\l_MT_above_shortintertext_sep=\dimen121
\l_MT_below_shortintertext_sep=\dimen122
)
Package biblatex Info: Trying to load language 'english'...
Package biblatex Info: ... file 'english.lbx' found.

(E:\miketex\tex\latex\biblatex\lbx\english.lbx
File: english.lbx 2016/05/14 v3.4 biblatex localization (PK/JW/AB)
)
\@quotelevel=\count292
\@quotereset=\count293
 (OTPandAES.aux)
\openout1 = `OTPandAES.aux'.

LaTeX Font Info:    Checking defaults for OML/cmm/m/it on input line 27.
LaTeX Font Info:    ... okay on input line 27.
LaTeX Font Info:    Checking defaults for T1/cmr/m/n on input line 27.
LaTeX Font Info:    ... okay on input line 27.
LaTeX Font Info:    Checking defaults for OT1/cmr/m/n on input line 27.
LaTeX Font Info:    ... okay on input line 27.
LaTeX Font Info:    Checking defaults for OMS/cmsy/m/n on input line 27.
LaTeX Font Info:    ... okay on input line 27.
LaTeX Font Info:    Checking defaults for OMX/cmex/m/n on input line 27.
LaTeX Font Info:    ... okay on input line 27.
LaTeX Font Info:    Checking defaults for U/cmr/m/n on input line 27.
LaTeX Font Info:    ... okay on input line 27.

(E:\miketex\tex\context\base\supp-pdf.mkii
[Loading MPS to PDF converter (version 2006.09.02).]
\scratchcounter=\count294
\scratchdimen=\dimen123
\scratchbox=\box30
\nofMPsegments=\count295
\nofMParguments=\count296
\everyMPshowfont=\toks22
\MPscratchCnt=\count297
\MPscratchDim=\dimen124
\MPnumerator=\count298
\makeMPintoPDFobject=\count299
\everyMPtoPDFconversion=\toks23
) (E:\miketex\tex\latex\oberdiek\epstopdf-base.sty
Package: epstopdf-base 2016/05/15 v2.6 Base part for package epstopdf

(E:\miketex\tex\latex\oberdiek\grfext.sty
Package: grfext 2016/05/16 v1.2 Manage graphics extensions (HO)

(E:\miketex\tex\generic\oberdiek\kvdefinekeys.sty
Package: kvdefinekeys 2016/05/16 v1.4 Define keys (HO)
))
Package epstopdf-base Info: Redefining graphics rule for `.eps' on input line 4
38.
Package grfext Info: Graphics extension search list:
(grfext)             [.png,.pdf,.jpg,.mps,.jpeg,.jbig2,.jb2,.PNG,.PDF,.JPG,.JPE
G,.JBIG2,.JB2,.eps]
(grfext)             \AppendGraphicsExtensions on input line 456.
)
Package biblatex Info: No input encoding detected.
(biblatex)             Assuming 'ascii'.
Package biblatex Info: Automatic encoding selection.
(biblatex)             Assuming data encoding 'ascii'.
\openout4 = `OTPandAES.bcf'.

Package biblatex Info: Trying to load bibliographic data...
Package biblatex Info: ... file 'OTPandAES.bbl' found.
 (OTPandAES.bbl)
Package biblatex Info: Reference section=0 on input line 27.
Package biblatex Info: Reference segment=0 on input line 27.
 [1

{C:/Users/Valdemar/AppData/Local/MiKTeX/2.9/pdftex/config/pdftex.map}] (OTPandA
ES.toc
[1

]
Overfull \hbox (5.09196pt too wide) in paragraph at lines 49--49
 [][] []\OT1/cmr/m/n/12 Round-closing XOR op-er-a-tion (AD-DROUND- 
 []

)
\tf@toc=\write5
\openout5 = `OTPandAES.toc'.

 [2]
Chapter 1.
<images/PerforatedTape.jpg, id=16, 433.37122pt x 288.95561pt>
File: images/PerforatedTape.jpg Graphic file (type jpg)

<use images/PerforatedTape.jpg>
Package pdftex.def Info: images/PerforatedTape.jpg used on input line 44.
(pdftex.def)             Requested size: 216.68507pt x 144.47745pt.
 [3

]
<images/VernamCipher.jpg, id=20, 292.292pt x 191.917pt>
File: images/VernamCipher.jpg Graphic file (type jpg)

<use images/VernamCipher.jpg>
Package pdftex.def Info: images/VernamCipher.jpg used on input line 54.
(pdftex.def)             Requested size: 292.29129pt x 191.91653pt.
 [4 <./images/PerforatedTape.jpg>] [5 <./images/VernamCipher.jpg>] <images/Tabl
e1.PNG, id=28, 433.62pt x 42.91031pt>
File: images/Table1.PNG Graphic file (type png)

<use images/Table1.PNG>
Package pdftex.def Info: images/Table1.PNG used on input line 88.
(pdftex.def)             Requested size: 433.61894pt x 42.91019pt.

Overfull \hbox (43.61894pt too wide) in paragraph at lines 88--89
 [][] 
 []

[6] <images/Table2.PNG, id=34, 436.63126pt x 39.14626pt>
File: images/Table2.PNG Graphic file (type png)

<use images/Table2.PNG>
Package pdftex.def Info: images/Table2.PNG used on input line 100.
(pdftex.def)             Requested size: 436.63019pt x 39.14615pt.

Overfull \hbox (46.63019pt too wide) in paragraph at lines 100--101
 [][] 
 []

<images/Table3.PNG, id=35, 450.9347pt x 67.0003pt>
File: images/Table3.PNG Graphic file (type png)
 <use images/Table3.PNG>
Package pdftex.def Info: images/Table3.PNG used on input line 107.
(pdftex.def)             Requested size: 450.9336pt x 67.00012pt.

Overfull \hbox (60.9336pt too wide) in paragraph at lines 107--108
 [][] 
 []

<images/XORgate.PNG, id=36, 414.79968pt x 80.55093pt>
File: images/XORgate.PNG Graphic file (type png)
 <use images/XORgate.PNG>
Package pdftex.def Info: images/XORgate.PNG used on input line 114.
(pdftex.def)             Requested size: 414.79868pt x 80.55074pt.

Overfull \hbox (24.79868pt too wide) in paragraph at lines 114--115
 [][] 
 []

[7 <./images/Table1.PNG> <./images/Table2.PNG> <./images/Table3.PNG>]
<images/Table4.PNG, id=43, 446.41782pt x 68.50594pt>
File: images/Table4.PNG Graphic file (type png)
 <use images/Table4.PNG>
Package pdftex.def Info: images/Table4.PNG used on input line 125.
(pdftex.def)             Requested size: 446.41672pt x 68.50577pt.

Overfull \hbox (56.41672pt too wide) in paragraph at lines 125--126
 [][] 
 []

[8 <./images/XORgate.PNG> <./images/Table4.PNG>]
Overfull \hbox (1.72371pt too wide) in paragraph at lines 135--136
[]\OT1/cmr/m/n/12 Although many be-lieve that the ci-pher-text does pro-vide in
-for-ma-tion about
 []

[9] [10] [11] <images/MilsElectronic.PNG, id=64, 502.87875pt x 312.41719pt>
File: images/MilsElectronic.PNG Graphic file (type png)

<use images/MilsElectronic.PNG>
Package pdftex.def Info: images/MilsElectronic.PNG used on input line 243.
(pdftex.def)             Requested size: 377.15813pt x 234.3123pt.
 [12] [13 <./images/MilsElectronic.PNG>]
[14]
Chapter 2.
<images/AES_fig1.jpg, id=76, 722.7pt x 265.74281pt>
File: images/AES_fig1.jpg Graphic file (type jpg)
 <use images/AES_fig1.jpg>
Package pdftex.def Info: images/AES_fig1.jpg used on input line 272.
(pdftex.def)             Requested size: 289.07487pt x 106.29523pt.

[15

 <./images/AES_fig1.jpg>] [16]
<images/AES_fig2.jpg, id=83, 722.7pt x 264.23718pt>
File: images/AES_fig2.jpg Graphic file (type jpg)
 <use images/AES_fig2.jpg>
Package pdftex.def Info: images/AES_fig2.jpg used on input line 302.
(pdftex.def)             Requested size: 289.07487pt x 105.693pt.

<images/AES_fig3.jpg, id=84, 722.7pt x 266.49562pt>
File: images/AES_fig3.jpg Graphic file (type jpg)
 <use images/AES_fig3.jpg>
Package pdftex.def Info: images/AES_fig3.jpg used on input line 327.
(pdftex.def)             Requested size: 289.07487pt x 106.59636pt.

[17 <./images/AES_fig2.jpg>] [18 <./images/AES_fig3.jpg>]
<images/SBox.PNG, id=92, 398.99063pt x 351.56343pt>
File: images/SBox.PNG Graphic file (type png)
 <use images/SBox.PNG>
Package pdftex.def Info: images/SBox.PNG used on input line 358.
(pdftex.def)             Requested size: 398.98965pt x 351.56256pt.

Overfull \hbox (8.98965pt too wide) in paragraph at lines 358--359
 [][] 
 []

[19] [20 <./images/SBox.PNG>] [21]
Underfull \hbox (badness 10000) in paragraph at lines 453--460

 []


Underfull \hbox (badness 10000) in paragraph at lines 453--460

 []

[22] [23] [24] [25] [26] [27]
Overfull \hbox (81.83385pt too wide) in paragraph at lines 571--571
[]\OT1/cmr/m/n/12 learncryptography.com. \OT1/cmr/m/it/12 Fre-quency Anal-y-sis
\OT1/cmr/m/n/12 . 2014. \OT1/cmr/m/sc/12 url\OT1/cmr/m/n/12 : $\OT1/cmtt/m/n/12
 https : / / learncryptography .
 []

[28

]
Overfull \hbox (13.71162pt too wide) in paragraph at lines 571--571
[]\OT1/cmr/m/n/12 Amish Ku-mar and Na-mita Ti-wari. \OT1/cmr/m/it/12 ef-fec-tiv
e im-ple-men-ta-tion and avalanche
 []

[29] (OTPandAES.aux)
Package logreq Info: Writing requests to 'OTPandAES.run.xml'.
\openout1 = `OTPandAES.run.xml'.

 ) 
Here is how much of TeX's memory you used:
 8809 strings out of 493335
 146624 string characters out of 3146586
 566237 words of memory out of 3000000
 12231 multiletter control sequences out of 15000+200000
 11356 words of font info for 41 fonts, out of 3000000 for 9000
 1141 hyphenation exceptions out of 8191
 36i,11n,45p,826b,994s stack positions out of 5000i,500n,10000p,200000b,50000s
<E:/miketex/fonts/type1/public/amsfonts/cm/cmbx12.pfb><E:/miketex/fonts/type1
/public/amsfonts/cm/cmcsc10.pfb><E:/miketex/fonts/type1/public/amsfonts/cm/cmex
10.pfb><E:/miketex/fonts/type1/public/amsfonts/cm/cmmi12.pfb><E:/miketex/fonts/
type1/public/amsfonts/cm/cmmi6.pfb><E:/miketex/fonts/type1/public/amsfonts/cm/c
mmi8.pfb><E:/miketex/fonts/type1/public/amsfonts/cm/cmr12.pfb><E:/miketex/fonts
/type1/public/amsfonts/cm/cmr17.pfb><E:/miketex/fonts/type1/public/amsfonts/cm/
cmr8.pfb><E:/miketex/fonts/type1/public/amsfonts/cm/cmsy10.pfb><E:/miketex/font
s/type1/public/amsfonts/cm/cmsy6.pfb><E:/miketex/fonts/type1/public/amsfonts/cm
/cmsy8.pfb><E:/miketex/fonts/type1/public/amsfonts/cm/cmti12.pfb><E:/miketex/fo
nts/type1/public/amsfonts/cm/cmtt12.pfb>
Output written on OTPandAES.pdf (30 pages, 771253 bytes).
PDF statistics:
 174 PDF objects out of 1000 (max. 8388607)
 0 named destinations out of 1000 (max. 500000)
 61 words of extra memory for PDF output out of 10000 (max. 10000000)

