\BOOKMARK [0][-]{chapter.1}{OTP: The One Time Pad}{}% 1
\BOOKMARK [1][-]{section.1.1}{What is a "One Time Pad"?}{chapter.1}% 2
\BOOKMARK [1][-]{section.1.2}{Method Used}{chapter.1}% 3
\BOOKMARK [2][-]{subsection.1.2.1}{Generation of the Random Key}{section.1.2}% 4
\BOOKMARK [2][-]{subsection.1.2.2}{Modular Addition of the Key and Plaintext}{section.1.2}% 5
\BOOKMARK [2][-]{subsection.1.2.3}{Decoding of the Ciphertext Using the Key}{section.1.2}% 6
\BOOKMARK [1][-]{section.1.3}{Perfect Secrecy: Information-theoretical Security}{chapter.1}% 7
\BOOKMARK [2][-]{subsection.1.3.1}{Mathematical Proof}{section.1.3}% 8
\BOOKMARK [2][-]{subsection.1.3.2}{Consequences of the Proof}{section.1.3}% 9
\BOOKMARK [1][-]{section.1.4}{Issues with OTP}{chapter.1}% 10
\BOOKMARK [2][-]{subsection.1.4.1}{True Randomness in Generating the Key}{section.1.4}% 11
\BOOKMARK [2][-]{subsection.1.4.2}{Secure Distribution of the Key itself}{section.1.4}% 12
\BOOKMARK [2][-]{subsection.1.4.3}{Secure Disposal of a Utilized Key}{section.1.4}% 13
\BOOKMARK [0][-]{chapter.2}{AES: The Advanced Encryption Standard}{}% 14
\BOOKMARK [1][-]{section.2.1}{AES Viewed from a High Level}{chapter.2}% 15
\BOOKMARK [1][-]{section.2.2}{Encryption}{chapter.2}% 16
\BOOKMARK [2][-]{subsection.2.2.1}{Initial XOR Operation}{section.2.2}% 17
\BOOKMARK [2][-]{subsection.2.2.2}{Rounds}{section.2.2}% 18
\BOOKMARK [3][-]{subsubsection.2.2.2.1}{Galois Field GF\(28\) arithmetic}{subsection.2.2.2}% 19
\BOOKMARK [3][-]{subsubsection.2.2.2.2}{Finding the multiplicative inverse using the extended euclidean algorithm}{subsection.2.2.2}% 20
\BOOKMARK [3][-]{subsubsection.2.2.2.3}{Round key generation \(KEYEXPANSIONS\)}{subsection.2.2.2}% 21
\BOOKMARK [3][-]{subsubsection.2.2.2.4}{Substitution using lookup table \(SUBBYTES\)}{subsection.2.2.2}% 22
\BOOKMARK [3][-]{subsubsection.2.2.2.5}{Transposition \(SHIFTROWS\)}{subsection.2.2.2}% 23
\BOOKMARK [3][-]{subsubsection.2.2.2.6}{Substitution using formula \(MIXCOLUMNS\)}{subsection.2.2.2}% 24
\BOOKMARK [3][-]{subsubsection.2.2.2.7}{Round-closing XOR operation \(ADDROUNDKEY\)}{subsection.2.2.2}% 25
\BOOKMARK [1][-]{section.2.3}{Decryption}{chapter.2}% 26
\BOOKMARK [2][-]{subsection.2.3.1}{Initial Inverse XOR Operation}{section.2.3}% 27
\BOOKMARK [2][-]{subsection.2.3.2}{Rounds}{section.2.3}% 28
\BOOKMARK [3][-]{subsubsection.2.3.2.1}{INVERSE SHIFTROWS}{subsection.2.3.2}% 29
\BOOKMARK [3][-]{subsubsection.2.3.2.2}{INVERSE SUBBYTES}{subsection.2.3.2}% 30
\BOOKMARK [3][-]{subsubsection.2.3.2.3}{INVERSE ADDROUNDKEY}{subsection.2.3.2}% 31
\BOOKMARK [3][-]{subsubsection.2.3.2.4}{INVERSE MIXCOLUMNS}{subsection.2.3.2}% 32
\BOOKMARK [1][-]{section.2.4}{Fulfilment of Shannon's properties}{chapter.2}% 33
\BOOKMARK [2][-]{subsection.2.4.1}{Diffusion}{section.2.4}% 34
\BOOKMARK [2][-]{subsection.2.4.2}{Confusion}{section.2.4}% 35
\BOOKMARK [1][-]{section.2.5}{Problems with AES}{chapter.2}% 36
\BOOKMARK [2][-]{subsection.2.5.1}{Overconfidence and Over-reliance}{section.2.5}% 37
\BOOKMARK [2][-]{subsection.2.5.2}{Keeping of a Shared Secret}{section.2.5}% 38
\BOOKMARK [0][-]{chapter.3}{A Historical Transition}{}% 39
\BOOKMARK [1][-]{section.3.1}{Key Differences and Improvements}{chapter.3}% 40
\BOOKMARK [2][-]{subsection.3.1.1}{Memory vs. Computational Efficiency}{section.3.1}% 41
\BOOKMARK [2][-]{subsection.3.1.2}{Key Length}{section.3.1}% 42
\BOOKMARK [1][-]{section.3.2}{Key Similarities and Inspirations}{chapter.3}% 43
\BOOKMARK [2][-]{subsection.3.2.1}{Key Addition}{section.3.2}% 44
\BOOKMARK [2][-]{subsection.3.2.2}{Secure Transmission Methods}{section.3.2}% 45
\BOOKMARK [1][-]{section.3.3}{Cryptography: Past, Present and Future}{chapter.3}% 46
\BOOKMARK [2][-]{subsection.3.3.1}{The Modern War}{section.3.3}% 47
\BOOKMARK [2][-]{subsection.3.3.2}{Privacy: An Outdated Concept?}{section.3.3}% 48
\BOOKMARK [1][-]{section.3.4}{Closing Remarks}{chapter.3}% 49
